<?xml version="1.0" encoding="UTF-8"?>
<!-- Generated by org.testng.reporters.JUnitReportReporter -->
<testsuite hostname="Deep" failures="0" tests="4" name="com.cab.cucumber.runners.Runner" time="9.950" errors="0" timestamp="2025-07-25T10:06:21 IST" skipped="0">
  <testcase classname="com.cab.cucumber.runners.Runner" name="runScenario" time="2.207"/>
  <testcase classname="com.cab.cucumber.runners.Runner" name="runScenario" time="2.456"/>
  <testcase classname="com.cab.cucumber.runners.Runner" name="runScenario" time="2.995"/>
  <testcase classname="com.cab.cucumber.runners.Runner" name="runScenario" time="2.292"/>
</testsuite> <!-- com.cab.cucumber.runners.Runner -->
